[warning] build.bin is deprecated; set build.entrypoint instead

  __    _   ___  
 / /\  | | | |_) 
/_/--\ |_| |_| \_ v1.63.8-0.20260111065332-1cacca5a8c70+dirty, built with Go go1.25.4

!exclude .
building...
running...

   ____    __
  / __/___/ /  ___
 / _// __/ _ \/ _ \
/___/\__/_//_/\___/ v4.13.3
High performance, minimalist Go web framework
https://echo.labstack.com
____________________________________O/_______
                                    O\
⇨ http server started on [::]:37983
{"time":"2026-01-11T16:28:34.737387459+08:00","level":"-","prefix":"echo","file":"main.go","line":"30","message":"tick-1"}
{"time":"2026-01-11T16:28:34.836864914+08:00","level":"-","prefix":"echo","file":"main.go","line":"30","message":"tick-2"}
{"time":"2026-01-11T16:28:34.941094273+08:00","level":"-","prefix":"echo","file":"main.go","line":"30","message":"tick-3"}
{"time":"2026-01-11T16:28:35.041443892+08:00","level":"-","prefix":"echo","file":"main.go","line":"30","message":"tick-4"}
{"time":"2026-01-11T16:28:35.141583553+08:00","level":"-","prefix":"echo","file":"main.go","line":"30","message":"tick-5"}
{"time":"2026-01-11T16:28:35.241725172+08:00","level":"-","prefix":"echo","file":"main.go","line":"30","message":"tick-6"}
{"time":"2026-01-11T16:28:35.337363761+08:00","level":"-","prefix":"echo","file":"main.go","line":"30","message":"tick-7"}
{"time":"2026-01-11T16:28:35.438420795+08:00","level":"-","prefix":"echo","file":"main.go","line":"30","message":"tick-8"}
{"time":"2026-01-11T16:28:35.538100999+08:00","level":"-","prefix":"echo","file":"main.go","line":"30","message":"tick-9"}
{"time":"2026-01-11T16:28:35.638588409+08:00","level":"-","prefix":"echo","file":"main.go","line":"30","message":"tick-10"}
{"time":"2026-01-11T16:28:35.739889775+08:00","level":"-","prefix":"echo","file":"main.go","line":"30","message":"tick-11"}
{"time":"2026-01-11T16:28:35.839064689+08:00","level":"-","prefix":"echo","file":"main.go","line":"30","message":"tick-12"}
{"time":"2026-01-11T16:28:35.940135056+08:00","level":"-","prefix":"echo","file":"main.go","line":"30","message":"tick-13"}
{"time":"2026-01-11T16:28:36.038292972+08:00","level":"-","prefix":"echo","file":"main.go","line":"30","message":"tick-14"}
{"time":"2026-01-11T16:28:36.141419376+08:00","level":"-","prefix":"echo","file":"main.go","line":"30","message":"tick-15"}
{"time":"2026-01-11T16:28:36.24170037+08:00","level":"-","prefix":"echo","file":"main.go","line":"30","message":"tick-16"}
{"time":"2026-01-11T16:28:36.337899999+08:00","level":"-","prefix":"echo","file":"main.go","line":"30","message":"tick-17"}
{"time":"2026-01-11T16:28:36.437715661+08:00","level":"-","prefix":"echo","file":"main.go","line":"30","message":"tick-18"}
{"time":"2026-01-11T16:28:36.540112316+08:00","level":"-","prefix":"echo","file":"main.go","line":"30","message":"tick-19"}
{"time":"2026-01-11T16:28:36.641428891+08:00","level":"-","prefix":"echo","file":"main.go","line":"30","message":"tick-20"}
{"time":"2026-01-11T16:28:36.741283386+08:00","level":"-","prefix":"echo","file":"main.go","line":"30","message":"tick-21"}
{"time":"2026-01-11T16:28:36.838408347+08:00","level":"-","prefix":"echo","file":"main.go","line":"30","message":"tick-22"}
{"time":"2026-01-11T16:28:36.936984595+08:00","level":"-","prefix":"echo","file":"main.go","line":"30","message":"tick-23"}
{"time":"2026-01-11T16:28:37.036979173+08:00","level":"-","prefix":"echo","file":"main.go","line":"30","message":"tick-24"}
{"time":"2026-01-11T16:28:37.136984835+08:00","level":"-","prefix":"echo","file":"main.go","line":"30","message":"tick-25"}
{"time":"2026-01-11T16:28:37.23874845+08:00","level":"-","prefix":"echo","file":"main.go","line":"30","message":"tick-26"}
{"time":"2026-01-11T16:28:37.33744824+08:00","level":"-","prefix":"echo","file":"main.go","line":"30","message":"tick-27"}
{"time":"2026-01-11T16:28:37.441735807+08:00","level":"-","prefix":"echo","file":"main.go","line":"30","message":"tick-28"}
{"time":"2026-01-11T16:28:37.540845595+08:00","level":"-","prefix":"echo","file":"main.go","line":"30","message":"tick-29"}
{"time":"2026-01-11T16:28:37.637895264+08:00","level":"-","prefix":"echo","file":"main.go","line":"30","message":"tick-30"}
{"time":"2026-01-11T16:28:37.738382133+08:00","level":"-","prefix":"echo","file":"main.go","line":"30","message":"tick-31"}
{"time":"2026-01-11T16:28:37.836713132+08:00","level":"-","prefix":"echo","file":"main.go","line":"30","message":"tick-32"}
{"time":"2026-01-11T16:28:37.937077292+08:00","level":"-","prefix":"echo","file":"main.go","line":"30","message":"tick-33"}
{"time":"2026-01-11T16:28:38.041360776+08:00","level":"-","prefix":"echo","file":"main.go","line":"30","message":"tick-34"}
{"time":"2026-01-11T16:28:38.141319063+08:00","level":"-","prefix":"echo","file":"main.go","line":"30","message":"tick-35"}
{"time":"2026-01-11T16:28:38.239504729+08:00","level":"-","prefix":"echo","file":"main.go","line":"30","message":"tick-36"}
{"time":"2026-01-11T16:28:38.337931603+08:00","level":"-","prefix":"echo","file":"main.go","line":"30","message":"tick-37"}
{"time":"2026-01-11T16:28:38.439728718+08:00","level":"-","prefix":"echo","file":"main.go","line":"30","message":"tick-38"}
{"time":"2026-01-11T16:28:38.538167008+08:00","level":"-","prefix":"echo","file":"main.go","line":"30","message":"tick-39"}
{"time":"2026-01-11T16:28:38.640200373+08:00","level":"-","prefix":"echo","file":"main.go","line":"30","message":"tick-40"}
{"time":"2026-01-11T16:28:38.739138579+08:00","level":"-","prefix":"echo","file":"main.go","line":"30","message":"tick-41"}
{"time":"2026-01-11T16:28:38.836691705+08:00","level":"-","prefix":"echo","file":"main.go","line":"30","message":"tick-42"}
{"time":"2026-01-11T16:28:38.937429364+08:00","level":"-","prefix":"echo","file":"main.go","line":"30","message":"tick-43"}
{"time":"2026-01-11T16:28:39.039084771+08:00","level":"-","prefix":"echo","file":"main.go","line":"30","message":"tick-44"}
{"time":"2026-01-11T16:28:39.141111761+08:00","level":"-","prefix":"echo","file":"main.go","line":"30","message":"tick-45"}
{"time":"2026-01-11T16:28:39.238097388+08:00","level":"-","prefix":"echo","file":"main.go","line":"30","message":"tick-46"}
{"time":"2026-01-11T16:28:39.338339383+08:00","level":"-","prefix":"echo","file":"main.go","line":"30","message":"tick-47"}
{"time":"2026-01-11T16:28:39.438351544+08:00","level":"-","prefix":"echo","file":"main.go","line":"30","message":"tick-48"}
{"time":"2026-01-11T16:28:39.539451078+08:00","level":"-","prefix":"echo","file":"main.go","line":"30","message":"tick-49"}
{"time":"2026-01-11T16:28:39.639847655+08:00","level":"-","prefix":"echo","file":"main.go","line":"30","message":"tick-50"}
{"time":"2026-01-11T16:28:39.739460775+08:00","level":"-","prefix":"echo","file":"main.go","line":"30","message":"tick-51"}
{"time":"2026-01-11T16:28:39.840466476+08:00","level":"-","prefix":"echo","file":"main.go","line":"30","message":"tick-52"}
{"time":"2026-01-11T16:28:39.936937063+08:00","level":"-","prefix":"echo","file":"main.go","line":"30","message":"tick-53"}
{"time":"2026-01-11T16:28:40.037738139+08:00","level":"-","prefix":"echo","file":"main.go","line":"30","message":"tick-54"}
{"time":"2026-01-11T16:28:40.136948094+08:00","level":"-","prefix":"echo","file":"main.go","line":"30","message":"tick-55"}
{"time":"2026-01-11T16:28:40.237379755+08:00","level":"-","prefix":"echo","file":"main.go","line":"30","message":"tick-56"}
{"time":"2026-01-11T16:28:40.338796204+08:00","level":"-","prefix":"echo","file":"main.go","line":"30","message":"tick-57"}
{"time":"2026-01-11T16:28:40.436921287+08:00","level":"-","prefix":"echo","file":"main.go","line":"30","message":"tick-58"}
{"time":"2026-01-11T16:28:40.537039073+08:00","level":"-","prefix":"echo","file":"main.go","line":"30","message":"tick-59"}
{"time":"2026-01-11T16:28:40.637031943+08:00","level":"-","prefix":"echo","file":"main.go","line":"30","message":"tick-60"}
{"time":"2026-01-11T16:28:40.741191177+08:00","level":"-","prefix":"echo","file":"main.go","line":"30","message":"tick-61"}
{"time":"2026-01-11T16:28:40.841686879+08:00","level":"-","prefix":"echo","file":"main.go","line":"30","message":"tick-62"}
{"time":"2026-01-11T16:28:40.941583582+08:00","level":"-","prefix":"echo","file":"main.go","line":"30","message":"tick-63"}
{"time":"2026-01-11T16:28:41.037311505+08:00","level":"-","prefix":"echo","file":"main.go","line":"30","message":"tick-64"}
{"time":"2026-01-11T16:28:41.13773454+08:00","level":"-","prefix":"echo","file":"main.go","line":"30","message":"tick-65"}
{"time":"2026-01-11T16:28:41.241046401+08:00","level":"-","prefix":"echo","file":"main.go","line":"30","message":"tick-66"}
{"time":"2026-01-11T16:28:41.34128652+08:00","level":"-","prefix":"echo","file":"main.go","line":"30","message":"tick-67"}
{"time":"2026-01-11T16:28:41.438336314+08:00","level":"-","prefix":"echo","file":"main.go","line":"30","message":"tick-68"}
{"time":"2026-01-11T16:28:41.541520218+08:00","level":"-","prefix":"echo","file":"main.go","line":"30","message":"tick-69"}
{"time":"2026-01-11T16:28:41.636979182+08:00","level":"-","prefix":"echo","file":"main.go","line":"30","message":"tick-70"}
{"time":"2026-01-11T16:28:41.73698051+08:00","level":"-","prefix":"echo","file":"main.go","line":"30","message":"tick-71"}
{"time":"2026-01-11T16:28:41.839004917+08:00","level":"-","prefix":"echo","file":"main.go","line":"30","message":"tick-72"}
{"time":"2026-01-11T16:28:41.937954331+08:00","level":"-","prefix":"echo","file":"main.go","line":"30","message":"tick-73"}
{"time":"2026-01-11T16:28:42.0412894+08:00","level":"-","prefix":"echo","file":"main.go","line":"30","message":"tick-74"}
{"time":"2026-01-11T16:28:42.136948531+08:00","level":"-","prefix":"echo","file":"main.go","line":"30","message":"tick-75"}
{"time":"2026-01-11T16:28:42.241215015+08:00","level":"-","prefix":"echo","file":"main.go","line":"30","message":"tick-76"}
{"time":"2026-01-11T16:28:42.337987393+08:00","level":"-","prefix":"echo","file":"main.go","line":"30","message":"tick-77"}
{"time":"2026-01-11T16:28:42.436999015+08:00","level":"-","prefix":"echo","file":"main.go","line":"30","message":"tick-78"}
{"time":"2026-01-11T16:28:42.536909177+08:00","level":"-","prefix":"echo","file":"main.go","line":"30","message":"tick-79"}
{"time":"2026-01-11T16:28:42.638949208+08:00","level":"-","prefix":"echo","file":"main.go","line":"30","message":"tick-80"}
{"time":"2026-01-11T16:28:42.739200744+08:00","level":"-","prefix":"echo","file":"main.go","line":"30","message":"tick-81"}
{"time":"2026-01-11T16:28:42.83722741+08:00","level":"-","prefix":"echo","file":"main.go","line":"30","message":"tick-82"}
{"time":"2026-01-11T16:28:42.939008942+08:00","level":"-","prefix":"echo","file":"main.go","line":"30","message":"tick-83"}
{"time":"2026-01-11T16:28:43.039051062+08:00","level":"-","prefix":"echo","file":"main.go","line":"30","message":"tick-84"}
{"time":"2026-01-11T16:28:43.138368892+08:00","level":"-","prefix":"echo","file":"main.go","line":"30","message":"tick-85"}
{"time":"2026-01-11T16:28:43.237841638+08:00","level":"-","prefix":"echo","file":"main.go","line":"30","message":"tick-86"}
{"time":"2026-01-11T16:28:43.338211465+08:00","level":"-","prefix":"echo","file":"main.go","line":"30","message":"tick-87"}
{"time":"2026-01-11T16:28:43.437336462+08:00","level":"-","prefix":"echo","file":"main.go","line":"30","message":"tick-88"}
{"time":"2026-01-11T16:28:43.537691539+08:00","level":"-","prefix":"echo","file":"main.go","line":"30","message":"tick-89"}
{"time":"2026-01-11T16:28:43.638231449+08:00","level":"-","prefix":"echo","file":"main.go","line":"30","message":"tick-90"}
{"time":"2026-01-11T16:28:43.736806698+08:00","level":"-","prefix":"echo","file":"main.go","line":"30","message":"tick-91"}
{"time":"2026-01-11T16:28:43.837701565+08:00","level":"-","prefix":"echo","file":"main.go","line":"30","message":"tick-92"}
{"time":"2026-01-11T16:28:43.940185137+08:00","level":"-","prefix":"echo","file":"main.go","line":"30","message":"tick-93"}
{"time":"2026-01-11T16:28:44.037093806+08:00","level":"-","prefix":"echo","file":"main.go","line":"30","message":"tick-94"}
{"time":"2026-01-11T16:28:44.137703925+08:00","level":"-","prefix":"echo","file":"main.go","line":"30","message":"tick-95"}
{"time":"2026-01-11T16:28:44.239888205+08:00","level":"-","prefix":"echo","file":"main.go","line":"30","message":"tick-96"}
{"time":"2026-01-11T16:28:44.337631081+08:00","level":"-","prefix":"echo","file":"main.go","line":"30","message":"tick-97"}
{"time":"2026-01-11T16:28:44.44180294+08:00","level":"-","prefix":"echo","file":"main.go","line":"30","message":"tick-98"}
cleaning...
see you again~
